Determining if the pthread_create exist failed with the following output:
Change Dir: /home/arthur/recognitionPipeline/cmake-build-debug/CMakeFiles/CMakeTmp

Run Build Command:"/usr/bin/make" "cmTC_e2c52/fast"
/usr/bin/make -f CMakeFiles/cmTC_e2c52.dir/build.make CMakeFiles/cmTC_e2c52.dir/build
make[1]: Entering directory '/home/arthur/recognitionPipeline/cmake-build-debug/CMakeFiles/CMakeTmp'
Building C object CMakeFiles/cmTC_e2c52.dir/CheckSymbolExists.c.o
/usr/bin/cc    -o CMakeFiles/cmTC_e2c52.dir/CheckSymbolExists.c.o   -c /home/arthur/recognitionPipeline/cmake-build-debug/CMakeFiles/CMakeTmp/CheckSymbolExists.c
Linking C executable cmTC_e2c52
/home/arthur/Downloads/clion-2017.2/bin/cmake/bin/cmake -E cmake_link_script CMakeFiles/cmTC_e2c52.dir/link.txt --verbose=1
/usr/bin/cc      -rdynamic CMakeFiles/cmTC_e2c52.dir/CheckSymbolExists.c.o  -o cmTC_e2c52 
CMakeFiles/cmTC_e2c52.dir/CheckSymbolExists.c.o: In function `main':
CheckSymbolExists.c:(.text+0x16): undefined reference to `pthread_create'
collect2: error: ld returned 1 exit status
CMakeFiles/cmTC_e2c52.dir/build.make:97: recipe for target 'cmTC_e2c52' failed
make[1]: *** [cmTC_e2c52] Error 1
make[1]: Leaving directory '/home/arthur/recognitionPipeline/cmake-build-debug/CMakeFiles/CMakeTmp'
Makefile:126: recipe for target 'cmTC_e2c52/fast' failed
make: *** [cmTC_e2c52/fast] Error 2

File /home/arthur/recognitionPipeline/cmake-build-debug/CMakeFiles/CMakeTmp/CheckSymbolExists.c:
/* */
#include <pthread.h>

int main(int argc, char** argv)
{
  (void)argv;
#ifndef pthread_create
  return ((int*)(&pthread_create))[argc];
#else
  (void)argc;
  return 0;
#endif
}

Determining if the function pthread_create exists in the pthreads failed with the following output:
Change Dir: /home/arthur/recognitionPipeline/cmake-build-debug/CMakeFiles/CMakeTmp

Run Build Command:"/usr/bin/make" "cmTC_26212/fast"
/usr/bin/make -f CMakeFiles/cmTC_26212.dir/build.make CMakeFiles/cmTC_26212.dir/build
make[1]: Entering directory '/home/arthur/recognitionPipeline/cmake-build-debug/CMakeFiles/CMakeTmp'
Building C object CMakeFiles/cmTC_26212.dir/CheckFunctionExists.c.o
/usr/bin/cc   -DCHECK_FUNCTION_EXISTS=pthread_create   -o CMakeFiles/cmTC_26212.dir/CheckFunctionExists.c.o   -c /home/arthur/Downloads/clion-2017.2/bin/cmake/share/cmake-3.8/Modules/CheckFunctionExists.c
Linking C executable cmTC_26212
/home/arthur/Downloads/clion-2017.2/bin/cmake/bin/cmake -E cmake_link_script CMakeFiles/cmTC_26212.dir/link.txt --verbose=1
/usr/bin/cc  -DCHECK_FUNCTION_EXISTS=pthread_create    -rdynamic CMakeFiles/cmTC_26212.dir/CheckFunctionExists.c.o  -o cmTC_26212 -lpthreads 
/usr/bin/ld: cannot find -lpthreads
collect2: error: ld returned 1 exit status
CMakeFiles/cmTC_26212.dir/build.make:97: recipe for target 'cmTC_26212' failed
make[1]: *** [cmTC_26212] Error 1
make[1]: Leaving directory '/home/arthur/recognitionPipeline/cmake-build-debug/CMakeFiles/CMakeTmp'
Makefile:126: recipe for target 'cmTC_26212/fast' failed
make: *** [cmTC_26212/fast] Error 2


